<?xml version="1.0" encoding="UTF-8"?>
<!-- Generated by org.testng.reporters.JUnitReportReporter -->
<testsuite skipped="1" hostname="Aejazs-MacBook-Air.local" name="com.automation.testcases.SearchText" tests="1" failures="0" timestamp="27 Nov 2019 05:42:11 GMT" time="0.000" errors="0">
  <testcase name="searchWebResults" time="0.000" classname="com.automation.testcases.SearchText">
    <skipped/>
  </testcase> <!-- searchWebResults -->
</testsuite> <!-- com.automation.testcases.SearchText -->
