<?xml version="1.0" encoding="UTF-8"?>
<!-- Generated by org.testng.reporters.JUnitReportReporter -->
<testsuite skipped="0" hostname="Aejazs-MacBook-Air.local" name="com.automation.testcases.SearchWebResults" tests="2" failures="0" timestamp="27 Nov 2019 07:02:49 GMT" time="17.055" errors="0">
  <testcase name="SearchText" time="3.557" classname="com.automation.testcases.SearchWebResults"/>
  <testcase name="SearchText" time="13.498" classname="com.automation.testcases.SearchWebResults"/>
</testsuite> <!-- com.automation.testcases.SearchWebResults -->
