<?xml version="1.0" encoding="UTF-8"?>
<!-- Generated by org.testng.reporters.JUnitReportReporter -->
<testsuite skipped="0" hostname="Aejazs-MacBook-Air.local" name="com.automation.testcases.SearchVideos" tests="2" failures="0" timestamp="27 Nov 2019 07:02:49 GMT" time="41.298" errors="0">
  <testcase name="SearchText" time="22.554" classname="com.automation.testcases.SearchVideos"/>
  <testcase name="SearchText" time="18.744" classname="com.automation.testcases.SearchVideos"/>
</testsuite> <!-- com.automation.testcases.SearchVideos -->
