<?xml version="1.0" encoding="UTF-8"?>
<!-- Generated by org.testng.reporters.JUnitReportReporter -->
<testsuite skipped="0" hostname="Aejazs-MacBook-Air.local" name="com.automation.testcases.SearchVideos" tests="2" failures="0" timestamp="27 Nov 2019 16:47:26 GMT" time="30.579" errors="0">
  <testcase name="SearchText" time="17.712" classname="com.automation.testcases.SearchVideos"/>
  <testcase name="SearchText" time="12.867" classname="com.automation.testcases.SearchVideos"/>
</testsuite> <!-- com.automation.testcases.SearchVideos -->
