<?xml version="1.0" encoding="UTF-8"?>
<!-- Generated by org.testng.reporters.JUnitReportReporter -->
<testsuite skipped="0" hostname="Aejazs-MacBook-Air.local" name="com.automation.testcases.SearchWebResults" tests="2" failures="0" timestamp="27 Nov 2019 16:47:26 GMT" time="11.188" errors="0">
  <testcase name="SearchText" time="2.670" classname="com.automation.testcases.SearchWebResults"/>
  <testcase name="SearchText" time="8.518" classname="com.automation.testcases.SearchWebResults"/>
</testsuite> <!-- com.automation.testcases.SearchWebResults -->
